
> dev:vite
> vite --host 127.0.0.1 --port 5173


  [32m[1mVITE[22m v5.4.21[39m  [2mready in [0m[1m198[22m[2m[0m ms[22m

  [32m➜[39m  [1mLocal[22m:   [36mhttp://127.0.0.1:[1m5173[22m/[39m
[2m02:12:59[22m [36m[1m[vite][22m[39m [32mhmr update [39m[2m/webapp/App.tsx[22m
[2m02:13:25[22m [36m[1m[vite][22m[39m [32mhmr update [39m[2m/webapp/App.tsx[22m
[2m02:13:42[22m [36m[1m[vite][22m[39m [32mhmr update [39m[2m/webapp/App.tsx[22m
[2m02:13:52[22m [36m[1m[vite][22m[39m [32mhmr update [39m[2m/webapp/App.tsx[22m
[2m02:14:24[22m [36m[1m[vite][22m[39m [32mhmr update [39m[2m/webapp/App.tsx[22m
[2m02:14:57[22m [36m[1m[vite][22m[39m [32mhmr update [39m[2m/webapp/styles.css[22m
[2m02:15:09[22m [36m[1m[vite][22m[39m [32mhmr update [39m[2m/webapp/styles.css[22m
[2m02:23:18[22m [36m[1m[vite][22m[39m [32mhmr update [39m[2m/webapp/App.tsx[22m
[2m02:23:38[22m [36m[1m[vite][22m[39m [32mhmr update [39m[2m/webapp/App.tsx[22m
[2m02:24:06[22m [36m[1m[vite][22m[39m [32mhmr update [39m[2m/webapp/App.tsx[22m
[2m02:24:26[22m [36m[1m[vite][22m[39m [32mhmr update [39m[2m/webapp/App.tsx[22m
[2m02:24:56[22m [36m[1m[vite][22m[39m [32mhmr update [39m[2m/webapp/App.tsx[22m
[2m02:25:19[22m [36m[1m[vite][22m[39m [32mhmr update [39m[2m/webapp/App.tsx[22m
[2m02:25:59[22m [36m[1m[vite][22m[39m [32mhmr update [39m[2m/webapp/App.tsx[22m
[2m02:26:26[22m [36m[1m[vite][22m[39m [32mhmr update [39m[2m/webapp/App.tsx[22m
[2m02:26:47[22m [36m[1m[vite][22m[39m [32mhmr update [39m[2m/webapp/App.tsx[22m
[2m02:27:11[22m [36m[1m[vite][22m[39m [32mhmr update [39m[2m/webapp/App.tsx[22m
[2m02:27:32[22m [36m[1m[vite][22m[39m [32mhmr update [39m[2m/webapp/App.tsx[22m
[2m02:28:15[22m [36m[1m[vite][22m[39m [32mhmr update [39m[2m/webapp/App.tsx[22m
[2m02:28:39[22m [36m[1m[vite][22m[39m [32mhmr update [39m[2m/webapp/styles.css[22m
[2m02:33:07[22m [36m[1m[vite][22m[39m [32mhmr update [39m[2m/webapp/App.tsx[22m
[2m02:34:49[22m [36m[1m[vite][22m[39m [32mhmr update [39m[2m/webapp/App.tsx[22m
[2m02:35:17[22m [36m[1m[vite][22m[39m [32mhmr update [39m[2m/webapp/App.tsx[22m
[2m02:35:43[22m [36m[1m[vite][22m[39m [32mhmr update [39m[2m/webapp/App.tsx[22m
[2m02:36:02[22m [36m[1m[vite][22m[39m [32mhmr update [39m[2m/webapp/App.tsx[22m
[2m02:36:31[22m [36m[1m[vite][22m[39m [32mhmr update [39m[2m/webapp/styles.css[22m
[2m02:37:06[22m [36m[1m[vite][22m[39m [32mhmr update [39m[2m/webapp/styles.css[22m
[2m02:37:23[22m [36m[1m[vite][22m[39m [32mhmr update [39m[2m/webapp/styles.css[22m
[2m02:44:18[22m [36m[1m[vite][22m[39m [32mhmr update [39m[2m/webapp/App.tsx[22m
[2m02:44:30[22m [36m[1m[vite][22m[39m [32mhmr update [39m[2m/webapp/App.tsx[22m
[2m02:44:47[22m [36m[1m[vite][22m[39m [32mhmr update [39m[2m/webapp/App.tsx[22m
[2m02:45:03[22m [36m[1m[vite][22m[39m [32mhmr update [39m[2m/webapp/App.tsx[22m
[2m02:46:32[22m [36m[1m[vite][22m[39m [32mhmr update [39m[2m/webapp/App.tsx[22m
[2m02:46:44[22m [36m[1m[vite][22m[39m [32mhmr update [39m[2m/webapp/App.tsx[22m
[2m02:46:55[22m [36m[1m[vite][22m[39m [32mhmr update [39m[2m/webapp/styles.css[22m
[2m02:47:25[22m [36m[1m[vite][22m[39m [32mhmr update [39m[2m/webapp/App.tsx[22m
[2m02:47:25[22m [36m[1m[vite][22m[39m [32mhmr update [39m[2m/webapp/App.tsx[22m
[2m02:47:25[22m [36m[1m[vite][22m[39m [32mhmr update [39m[2m/webapp/App.tsx[22m
[2m02:47:25[22m [36m[1m[vite][22m[39m [32mhmr update [39m[2m/webapp/App.tsx[22m
[2m02:47:25[22m [36m[1m[vite][22m[39m [32mhmr update [39m[2m/webapp/App.tsx[22m
[2m02:47:25[22m [36m[1m[vite][22m[39m [32mhmr update [39m[2m/webapp/App.tsx[22m
[2m02:47:25[22m [36m[1m[vite][22m[39m [32mhmr update [39m[2m/webapp/App.tsx[22m
[2m02:47:25[22m [36m[1m[vite][22m[39m [32mhmr update [39m[2m/webapp/App.tsx[22m
[2m02:47:25[22m [36m[1m[vite][22m[39m [32mhmr update [39m[2m/webapp/App.tsx[22m
[2m02:47:25[22m [36m[1m[vite][22m[39m [32mhmr update [39m[2m/webapp/App.tsx[22m
[2m02:47:25[22m [36m[1m[vite][22m[39m [32mhmr update [39m[2m/webapp/App.tsx[22m
[2m02:47:25[22m [36m[1m[vite][22m[39m [32mhmr update [39m[2m/webapp/App.tsx[22m
[2m02:47:25[22m [36m[1m[vite][22m[39m [32mhmr update [39m[2m/webapp/App.tsx[22m
[2m02:47:25[22m [36m[1m[vite][22m[39m [32mhmr update [39m[2m/webapp/App.tsx[22m
[2m02:47:25[22m [36m[1m[vite][22m[39m [32mhmr update [39m[2m/webapp/App.tsx[22m
[2m02:47:25[22m [36m[1m[vite][22m[39m [32mhmr update [39m[2m/webapp/App.tsx[22m
[2m02:47:25[22m [36m[1m[vite][22m[39m [32mhmr update [39m[2m/webapp/App.tsx[22m
[2m02:47:25[22m [36m[1m[vite][22m[39m [32mhmr update [39m[2m/webapp/App.tsx[22m
[2m02:47:25[22m [36m[1m[vite][22m[39m [32mhmr update [39m[2m/webapp/App.tsx[22m
[2m02:47:25[22m [36m[1m[vite][22m[39m [32mhmr update [39m[2m/webapp/App.tsx[22m
[2m02:47:25[22m [36m[1m[vite][22m[39m [32mhmr update [39m[2m/webapp/App.tsx[22m
[2m02:47:25[22m [36m[1m[vite][22m[39m [32mhmr update [39m[2m/webapp/App.tsx[22m
[2m02:47:25[22m [36m[1m[vite][22m[39m [32mhmr update [39m[2m/webapp/App.tsx[22m
[2m02:47:25[22m [36m[1m[vite][22m[39m [32mhmr update [39m[2m/webapp/App.tsx[22m
[2m02:47:25[22m [36m[1m[vite][22m[39m [32mhmr update [39m[2m/webapp/App.tsx[22m
[2m02:47:25[22m [36m[1m[vite][22m[39m [32mhmr update [39m[2m/webapp/App.tsx[22m
[2m02:47:25[22m [36m[1m[vite][22m[39m [32mhmr update [39m[2m/webapp/App.tsx[22m
[2m02:47:25[22m [36m[1m[vite][22m[39m [32mhmr update [39m[2m/webapp/App.tsx[22m
[2m02:47:25[22m [36m[1m[vite][22m[39m [32mhmr update [39m[2m/webapp/App.tsx[22m
[2m02:47:25[22m [36m[1m[vite][22m[39m [32mhmr update [39m[2m/webapp/App.tsx[22m
[2m02:47:25[22m [36m[1m[vite][22m[39m [32mhmr update [39m[2m/webapp/App.tsx[22m
[2m02:47:25[22m [36m[1m[vite][22m[39m [32mhmr update [39m[2m/webapp/App.tsx[22m
[2m02:47:25[22m [36m[1m[vite][22m[39m [32mhmr update [39m[2m/webapp/App.tsx[22m
[2m02:49:53[22m [36m[1m[vite][22m[39m [32mhmr update [39m[2m/webapp/App.tsx[22m
[2m02:49:53[22m [36m[1m[vite][22m[39m [32mhmr update [39m[2m/webapp/App.tsx[22m
[2m02:49:53[22m [36m[1m[vite][22m[39m [32mhmr update [39m[2m/webapp/App.tsx[22m
[2m02:49:53[22m [36m[1m[vite][22m[39m [32mhmr update [39m[2m/webapp/App.tsx[22m
[2m02:49:53[22m [36m[1m[vite][22m[39m [32mhmr update [39m[2m/webapp/App.tsx[22m
[2m02:49:53[22m [36m[1m[vite][22m[39m [32mhmr update [39m[2m/webapp/App.tsx[22m
[2m02:49:53[22m [36m[1m[vite][22m[39m [32mhmr update [39m[2m/webapp/App.tsx[22m
[2m02:49:53[22m [36m[1m[vite][22m[39m [32mhmr update [39m[2m/webapp/App.tsx[22m
[2m02:49:53[22m [36m[1m[vite][22m[39m [32mhmr update [39m[2m/webapp/App.tsx[22m
[2m02:49:53[22m [36m[1m[vite][22m[39m [32mhmr update [39m[2m/webapp/App.tsx[22m
[2m02:49:53[22m [36m[1m[vite][22m[39m [32mhmr update [39m[2m/webapp/App.tsx[22m
[2m02:49:53[22m [36m[1m[vite][22m[39m [32mhmr update [39m[2m/webapp/App.tsx[22m
[2m02:49:53[22m [36m[1m[vite][22m[39m [32mhmr update [39m[2m/webapp/App.tsx[22m
[2m02:49:53[22m [36m[1m[vite][22m[39m [32mhmr update [39m[2m/webapp/App.tsx[22m
[2m02:49:53[22m [36m[1m[vite][22m[39m [32mhmr update [39m[2m/webapp/App.tsx[22m
[2m02:49:53[22m [36m[1m[vite][22m[39m [32mhmr update [39m[2m/webapp/App.tsx[22m
[2m02:49:53[22m [36m[1m[vite][22m[39m [32mhmr update [39m[2m/webapp/App.tsx[22m
[2m02:49:53[22m [36m[1m[vite][22m[39m [32mhmr update [39m[2m/webapp/App.tsx[22m
[2m02:49:53[22m [36m[1m[vite][22m[39m [32mhmr update [39m[2m/webapp/App.tsx[22m
[2m02:49:53[22m [36m[1m[vite][22m[39m [32mhmr update [39m[2m/webapp/App.tsx[22m
[2m02:49:53[22m [36m[1m[vite][22m[39m [32mhmr update [39m[2m/webapp/App.tsx[22m
[2m02:49:53[22m [36m[1m[vite][22m[39m [32mhmr update [39m[2m/webapp/App.tsx[22m
[2m02:49:53[22m [36m[1m[vite][22m[39m [32mhmr update [39m[2m/webapp/App.tsx[22m
[2m02:49:53[22m [36m[1m[vite][22m[39m [32mhmr update [39m[2m/webapp/App.tsx[22m
[2m02:49:53[22m [36m[1m[vite][22m[39m [32mhmr update [39m[2m/webapp/App.tsx[22m
[2m02:49:53[22m [36m[1m[vite][22m[39m [32mhmr update [39m[2m/webapp/App.tsx[22m
[2m02:49:53[22m [36m[1m[vite][22m[39m [32mhmr update [39m[2m/webapp/App.tsx[22m
[2m02:49:53[22m [36m[1m[vite][22m[39m [32mhmr update [39m[2m/webapp/App.tsx[22m
[2m02:49:53[22m [36m[1m[vite][22m[39m [32mhmr update [39m[2m/webapp/App.tsx[22m
[2m02:49:53[22m [36m[1m[vite][22m[39m [32mhmr update [39m[2m/webapp/App.tsx[22m
[2m02:49:53[22m [36m[1m[vite][22m[39m [32mhmr update [39m[2m/webapp/App.tsx[22m
[2m02:49:53[22m [36m[1m[vite][22m[39m [32mhmr update [39m[2m/webapp/App.tsx[22m
[2m02:49:53[22m [36m[1m[vite][22m[39m [32mhmr update [39m[2m/webapp/App.tsx[22m
[2m02:53:19[22m [36m[1m[vite][22m[39m [32mhmr update [39m[2m/webapp/App.tsx[22m
[2m02:53:40[22m [36m[1m[vite][22m[39m [32mhmr update [39m[2m/webapp/App.tsx[22m
[2m02:53:56[22m [36m[1m[vite][22m[39m [32mhmr update [39m[2m/webapp/App.tsx[22m
[2m02:54:41[22m [36m[1m[vite][22m[39m [32mhmr update [39m[2m/webapp/App.tsx[22m
[2m02:55:00[22m [36m[1m[vite][22m[39m [32mhmr update [39m[2m/webapp/App.tsx[22m
[2m02:55:15[22m [36m[1m[vite][22m[39m [32mhmr update [39m[2m/webapp/App.tsx[22m
[2m02:56:20[22m [36m[1m[vite][22m[39m [32mhmr update [39m[2m/webapp/App.tsx[22m
[2m02:56:38[22m [36m[1m[vite][22m[39m [32mhmr update [39m[2m/webapp/styles.css[22m
[2m02:58:16[22m [36m[1m[vite][22m[39m [32mhmr update [39m[2m/webapp/App.tsx[22m
[2m02:58:16[22m [36m[1m[vite][22m[39m [32mhmr update [39m[2m/webapp/App.tsx[22m
[2m02:58:16[22m [36m[1m[vite][22m[39m [32mhmr update [39m[2m/webapp/App.tsx[22m
[2m02:58:16[22m [36m[1m[vite][22m[39m [32mhmr update [39m[2m/webapp/App.tsx[22m
[2m02:58:16[22m [36m[1m[vite][22m[39m [32mhmr update [39m[2m/webapp/App.tsx[22m
[2m02:58:16[22m [36m[1m[vite][22m[39m [32mhmr update [39m[2m/webapp/App.tsx[22m
[2m02:58:16[22m [36m[1m[vite][22m[39m [32mhmr update [39m[2m/webapp/App.tsx[22m
[2m02:58:16[22m [36m[1m[vite][22m[39m [32mhmr update [39m[2m/webapp/App.tsx[22m
[2m02:58:16[22m [36m[1m[vite][22m[39m [32mhmr update [39m[2m/webapp/App.tsx[22m
[2m02:58:16[22m [36m[1m[vite][22m[39m [32mhmr update [39m[2m/webapp/App.tsx[22m
[2m02:58:16[22m [36m[1m[vite][22m[39m [32mhmr update [39m[2m/webapp/App.tsx[22m
[2m02:58:16[22m [36m[1m[vite][22m[39m [32mhmr update [39m[2m/webapp/App.tsx[22m
[2m02:58:16[22m [36m[1m[vite][22m[39m [32mhmr update [39m[2m/webapp/App.tsx[22m
[2m02:58:16[22m [36m[1m[vite][22m[39m [32mhmr update [39m[2m/webapp/App.tsx[22m
[2m02:58:17[22m [36m[1m[vite][22m[39m [32mhmr update [39m[2m/webapp/App.tsx[22m
[2m02:58:17[22m [36m[1m[vite][22m[39m [32mhmr update [39m[2m/webapp/App.tsx[22m
[2m02:58:17[22m [36m[1m[vite][22m[39m [32mhmr update [39m[2m/webapp/App.tsx[22m
[2m02:58:17[22m [36m[1m[vite][22m[39m [32mhmr update [39m[2m/webapp/App.tsx[22m
[2m02:58:17[22m [36m[1m[vite][22m[39m [32mhmr update [39m[2m/webapp/App.tsx[22m
[2m02:58:17[22m [36m[1m[vite][22m[39m [32mhmr update [39m[2m/webapp/App.tsx[22m
[2m02:58:17[22m [36m[1m[vite][22m[39m [32mhmr update [39m[2m/webapp/App.tsx[22m
[2m02:58:17[22m [36m[1m[vite][22m[39m [32mhmr update [39m[2m/webapp/App.tsx[22m
[2m02:58:17[22m [36m[1m[vite][22m[39m [32mhmr update [39m[2m/webapp/App.tsx[22m
[2m02:58:17[22m [36m[1m[vite][22m[39m [32mhmr update [39m[2m/webapp/App.tsx[22m
[2m02:58:17[22m [36m[1m[vite][22m[39m [32mhmr update [39m[2m/webapp/App.tsx[22m
[2m02:58:17[22m [36m[1m[vite][22m[39m [32mhmr update [39m[2m/webapp/App.tsx[22m
[2m02:58:17[22m [36m[1m[vite][22m[39m [32mhmr update [39m[2m/webapp/App.tsx[22m
[2m02:58:17[22m [36m[1m[vite][22m[39m [32mhmr update [39m[2m/webapp/App.tsx[22m
[2m02:58:17[22m [36m[1m[vite][22m[39m [32mhmr update [39m[2m/webapp/App.tsx[22m
[2m02:58:17[22m [36m[1m[vite][22m[39m [32mhmr update [39m[2m/webapp/App.tsx[22m
[2m02:58:17[22m [36m[1m[vite][22m[39m [32mhmr update [39m[2m/webapp/App.tsx[22m
[2m02:58:17[22m [36m[1m[vite][22m[39m [32mhmr update [39m[2m/webapp/App.tsx[22m
[2m02:58:17[22m [36m[1m[vite][22m[39m [32mhmr update [39m[2m/webapp/App.tsx[22m
[2m03:03:05[22m [36m[1m[vite][22m[39m [32mhmr update [39m[2m/webapp/App.tsx[22m
[2m03:03:23[22m [36m[1m[vite][22m[39m [32mhmr update [39m[2m/webapp/App.tsx[22m
[2m03:03:23[22m [36m[1m[vite][22m[39m [32mhmr update [39m[2m/webapp/App.tsx[22m
[2m03:03:23[22m [36m[1m[vite][22m[39m [32mhmr update [39m[2m/webapp/App.tsx[22m
[2m03:03:23[22m [36m[1m[vite][22m[39m [32mhmr update [39m[2m/webapp/App.tsx[22m
[2m03:03:23[22m [36m[1m[vite][22m[39m [32mhmr update [39m[2m/webapp/App.tsx[22m
[2m03:03:23[22m [36m[1m[vite][22m[39m [32mhmr update [39m[2m/webapp/App.tsx[22m
[2m03:03:23[22m [36m[1m[vite][22m[39m [32mhmr update [39m[2m/webapp/App.tsx[22m
[2m03:03:23[22m [36m[1m[vite][22m[39m [32mhmr update [39m[2m/webapp/App.tsx[22m
[2m03:03:23[22m [36m[1m[vite][22m[39m [32mhmr update [39m[2m/webapp/App.tsx[22m
[2m03:03:23[22m [36m[1m[vite][22m[39m [32mhmr update [39m[2m/webapp/App.tsx[22m
[2m03:03:23[22m [36m[1m[vite][22m[39m [32mhmr update [39m[2m/webapp/App.tsx[22m
[2m03:03:23[22m [36m[1m[vite][22m[39m [32mhmr update [39m[2m/webapp/App.tsx[22m
[2m03:03:23[22m [36m[1m[vite][22m[39m [32mhmr update [39m[2m/webapp/App.tsx[22m
[2m03:03:23[22m [36m[1m[vite][22m[39m [32mhmr update [39m[2m/webapp/App.tsx[22m
[2m03:03:23[22m [36m[1m[vite][22m[39m [32mhmr update [39m[2m/webapp/App.tsx[22m
[2m03:03:23[22m [36m[1m[vite][22m[39m [32mhmr update [39m[2m/webapp/App.tsx[22m
[2m03:03:23[22m [36m[1m[vite][22m[39m [32mhmr update [39m[2m/webapp/App.tsx[22m
[2m03:03:23[22m [36m[1m[vite][22m[39m [32mhmr update [39m[2m/webapp/App.tsx[22m
[2m03:03:23[22m [36m[1m[vite][22m[39m [32mhmr update [39m[2m/webapp/App.tsx[22m
[2m03:03:23[22m [36m[1m[vite][22m[39m [32mhmr update [39m[2m/webapp/App.tsx[22m
[2m03:03:23[22m [36m[1m[vite][22m[39m [32mhmr update [39m[2m/webapp/App.tsx[22m
[2m03:03:23[22m [36m[1m[vite][22m[39m [32mhmr update [39m[2m/webapp/App.tsx[22m
[2m03:03:23[22m [36m[1m[vite][22m[39m [32mhmr update [39m[2m/webapp/App.tsx[22m
[2m03:03:23[22m [36m[1m[vite][22m[39m [32mhmr update [39m[2m/webapp/App.tsx[22m
[2m03:03:23[22m [36m[1m[vite][22m[39m [32mhmr update [39m[2m/webapp/App.tsx[22m
[2m03:03:23[22m [36m[1m[vite][22m[39m [32mhmr update [39m[2m/webapp/App.tsx[22m
[2m03:03:23[22m [36m[1m[vite][22m[39m [32mhmr update [39m[2m/webapp/App.tsx[22m
[2m03:03:23[22m [36m[1m[vite][22m[39m [32mhmr update [39m[2m/webapp/App.tsx[22m
[2m03:03:23[22m [36m[1m[vite][22m[39m [32mhmr update [39m[2m/webapp/App.tsx[22m
[2m03:03:23[22m [36m[1m[vite][22m[39m [32mhmr update [39m[2m/webapp/App.tsx[22m
[2m03:03:23[22m [36m[1m[vite][22m[39m [32mhmr update [39m[2m/webapp/App.tsx[22m
[2m03:03:23[22m [36m[1m[vite][22m[39m [32mhmr update [39m[2m/webapp/App.tsx[22m
[2m03:03:23[22m [36m[1m[vite][22m[39m [32mhmr update [39m[2m/webapp/App.tsx[22m
[2m03:03:46[22m [36m[1m[vite][22m[39m [32mhmr update [39m[2m/webapp/App.tsx[22m
[2m03:04:14[22m [36m[1m[vite][22m[39m [32mhmr update [39m[2m/webapp/App.tsx[22m
[2m03:04:38[22m [36m[1m[vite][22m[39m [32mhmr update [39m[2m/webapp/App.tsx[22m
[2m03:05:01[22m [36m[1m[vite][22m[39m [32mhmr update [39m[2m/webapp/App.tsx[22m
[2m03:07:22[22m [36m[1m[vite][22m[39m [32mhmr update [39m[2m/webapp/App.tsx[22m
[2m03:07:42[22m [36m[1m[vite][22m[39m [32mhmr update [39m[2m/webapp/styles.css[22m
[2m03:14:37[22m [36m[1m[vite][22m[39m [32mhmr update [39m[2m/webapp/App.tsx[22m
[2m03:20:37[22m [36m[1m[vite][22m[39m [32mhmr update [39m[2m/webapp/App.tsx[22m
[2m03:20:59[22m [36m[1m[vite][22m[39m [32mhmr update [39m[2m/webapp/App.tsx[22m
[2m03:20:59[22m [36m[1m[vite][22m[39m [32mhmr update [39m[2m/webapp/App.tsx[22m
[2m03:21:20[22m [36m[1m[vite][22m[39m [32mhmr update [39m[2m/webapp/App.tsx[22m
[2m03:22:02[22m [36m[1m[vite][22m[39m [32mhmr update [39m[2m/webapp/App.tsx[22m
[2m03:22:02[22m [36m[1m[vite][22m[39m [32mhmr update [39m[2m/webapp/App.tsx[22m
[2m03:22:02[22m [36m[1m[vite][22m[39m [32mhmr update [39m[2m/webapp/App.tsx[22m
[2m03:22:02[22m [36m[1m[vite][22m[39m [32mhmr update [39m[2m/webapp/App.tsx[22m
[2m03:22:02[22m [36m[1m[vite][22m[39m [32mhmr update [39m[2m/webapp/App.tsx[22m
[2m03:22:02[22m [36m[1m[vite][22m[39m [32mhmr update [39m[2m/webapp/App.tsx[22m
[2m03:22:02[22m [36m[1m[vite][22m[39m [32mhmr update [39m[2m/webapp/App.tsx[22m
[2m03:22:02[22m [36m[1m[vite][22m[39m [32mhmr update [39m[2m/webapp/App.tsx[22m
[2m03:22:02[22m [36m[1m[vite][22m[39m [32mhmr update [39m[2m/webapp/App.tsx[22m
[2m03:22:02[22m [36m[1m[vite][22m[39m [32mhmr update [39m[2m/webapp/App.tsx[22m
[2m03:22:02[22m [36m[1m[vite][22m[39m [32mhmr update [39m[2m/webapp/App.tsx[22m
[2m03:22:02[22m [36m[1m[vite][22m[39m [32mhmr update [39m[2m/webapp/App.tsx[22m
[2m03:22:02[22m [36m[1m[vite][22m[39m [32mhmr update [39m[2m/webapp/App.tsx[22m
[2m03:22:02[22m [36m[1m[vite][22m[39m [32mhmr update [39m[2m/webapp/App.tsx[22m
[2m03:22:02[22m [36m[1m[vite][22m[39m [32mhmr update [39m[2m/webapp/App.tsx[22m
[2m03:22:02[22m [36m[1m[vite][22m[39m [32mhmr update [39m[2m/webapp/App.tsx[22m
[2m03:22:02[22m [36m[1m[vite][22m[39m [32mhmr update [39m[2m/webapp/App.tsx[22m
[2m03:22:02[22m [36m[1m[vite][22m[39m [32mhmr update [39m[2m/webapp/App.tsx[22m
[2m03:22:02[22m [36m[1m[vite][22m[39m [32mhmr update [39m[2m/webapp/App.tsx[22m
[2m03:22:02[22m [36m[1m[vite][22m[39m [32mhmr update [39m[2m/webapp/App.tsx[22m
[2m03:22:02[22m [36m[1m[vite][22m[39m [32mhmr update [39m[2m/webapp/App.tsx[22m
[2m03:22:02[22m [36m[1m[vite][22m[39m [32mhmr update [39m[2m/webapp/App.tsx[22m
[2m03:22:02[22m [36m[1m[vite][22m[39m [32mhmr update [39m[2m/webapp/App.tsx[22m
[2m03:22:02[22m [36m[1m[vite][22m[39m [32mhmr update [39m[2m/webapp/App.tsx[22m
[2m03:22:02[22m [36m[1m[vite][22m[39m [32mhmr update [39m[2m/webapp/App.tsx[22m
[2m03:22:02[22m [36m[1m[vite][22m[39m [32mhmr update [39m[2m/webapp/App.tsx[22m
[2m03:22:02[22m [36m[1m[vite][22m[39m [32mhmr update [39m[2m/webapp/App.tsx[22m
[2m03:22:02[22m [36m[1m[vite][22m[39m [32mhmr update [39m[2m/webapp/App.tsx[22m
[2m03:22:02[22m [36m[1m[vite][22m[39m [32mhmr update [39m[2m/webapp/App.tsx[22m
[2m03:22:02[22m [36m[1m[vite][22m[39m [32mhmr update [39m[2m/webapp/App.tsx[22m
[2m03:22:02[22m [36m[1m[vite][22m[39m [32mhmr update [39m[2m/webapp/App.tsx[22m
[2m03:22:02[22m [36m[1m[vite][22m[39m [32mhmr update [39m[2m/webapp/App.tsx[22m
[2m03:22:02[22m [36m[1m[vite][22m[39m [32mhmr update [39m[2m/webapp/App.tsx[22m
[2m03:28:18[22m [36m[1m[vite][22m[39m [32mhmr update [39m[2m/webapp/App.tsx[22m
[2m03:29:21[22m [36m[1m[vite][22m[39m [32mhmr update [39m[2m/webapp/App.tsx[22m
[2m03:29:21[22m [36m[1m[vite][22m[39m [32mhmr update [39m[2m/webapp/App.tsx[22m
[2m03:29:21[22m [36m[1m[vite][22m[39m [32mhmr update [39m[2m/webapp/App.tsx[22m
[2m03:29:21[22m [36m[1m[vite][22m[39m [32mhmr update [39m[2m/webapp/App.tsx[22m
[2m03:29:21[22m [36m[1m[vite][22m[39m [32mhmr update [39m[2m/webapp/App.tsx[22m
[2m03:29:21[22m [36m[1m[vite][22m[39m [32mhmr update [39m[2m/webapp/App.tsx[22m
[2m03:29:21[22m [36m[1m[vite][22m[39m [32mhmr update [39m[2m/webapp/App.tsx[22m
[2m03:29:21[22m [36m[1m[vite][22m[39m [32mhmr update [39m[2m/webapp/App.tsx[22m
[2m03:29:21[22m [36m[1m[vite][22m[39m [32mhmr update [39m[2m/webapp/App.tsx[22m
[2m03:29:22[22m [36m[1m[vite][22m[39m [32mhmr update [39m[2m/webapp/App.tsx[22m
[2m03:29:22[22m [36m[1m[vite][22m[39m [32mhmr update [39m[2m/webapp/App.tsx[22m
[2m03:29:22[22m [36m[1m[vite][22m[39m [32mhmr update [39m[2m/webapp/App.tsx[22m
[2m03:29:22[22m [36m[1m[vite][22m[39m [32mhmr update [39m[2m/webapp/App.tsx[22m
[2m03:29:22[22m [36m[1m[vite][22m[39m [32mhmr update [39m[2m/webapp/App.tsx[22m
[2m03:29:22[22m [36m[1m[vite][22m[39m [32mhmr update [39m[2m/webapp/App.tsx[22m
[2m03:29:22[22m [36m[1m[vite][22m[39m [32mhmr update [39m[2m/webapp/App.tsx[22m
[2m03:29:22[22m [36m[1m[vite][22m[39m [32mhmr update [39m[2m/webapp/App.tsx[22m
[2m03:29:22[22m [36m[1m[vite][22m[39m [32mhmr update [39m[2m/webapp/App.tsx[22m
[2m03:29:22[22m [36m[1m[vite][22m[39m [32mhmr update [39m[2m/webapp/App.tsx[22m
[2m03:29:22[22m [36m[1m[vite][22m[39m [32mhmr update [39m[2m/webapp/App.tsx[22m
[2m03:29:22[22m [36m[1m[vite][22m[39m [32mhmr update [39m[2m/webapp/App.tsx[22m
[2m03:29:22[22m [36m[1m[vite][22m[39m [32mhmr update [39m[2m/webapp/App.tsx[22m
[2m03:29:22[22m [36m[1m[vite][22m[39m [32mhmr update [39m[2m/webapp/App.tsx[22m
[2m03:29:22[22m [36m[1m[vite][22m[39m [32mhmr update [39m[2m/webapp/App.tsx[22m
[2m03:29:22[22m [36m[1m[vite][22m[39m [32mhmr update [39m[2m/webapp/App.tsx[22m
[2m03:29:22[22m [36m[1m[vite][22m[39m [32mhmr update [39m[2m/webapp/App.tsx[22m
[2m03:29:22[22m [36m[1m[vite][22m[39m [32mhmr update [39m[2m/webapp/App.tsx[22m
[2m03:29:22[22m [36m[1m[vite][22m[39m [32mhmr update [39m[2m/webapp/App.tsx[22m
[2m03:29:22[22m [36m[1m[vite][22m[39m [32mhmr update [39m[2m/webapp/App.tsx[22m
[2m03:29:22[22m [36m[1m[vite][22m[39m [32mhmr update [39m[2m/webapp/App.tsx[22m
[2m03:29:22[22m [36m[1m[vite][22m[39m [32mhmr update [39m[2m/webapp/App.tsx[22m
[2m03:29:22[22m [36m[1m[vite][22m[39m [32mhmr update [39m[2m/webapp/App.tsx[22m
[2m03:29:22[22m [36m[1m[vite][22m[39m [32mhmr update [39m[2m/webapp/App.tsx[22m
[2m03:30:13[22m [36m[1m[vite][22m[39m [32mhmr update [39m[2m/webapp/App.tsx[22m
[2m03:30:13[22m [36m[1m[vite][22m[39m [32mhmr update [39m[2m/webapp/App.tsx[22m
[2m03:30:13[22m [36m[1m[vite][22m[39m [32mhmr update [39m[2m/webapp/App.tsx[22m
[2m03:30:13[22m [36m[1m[vite][22m[39m [32mhmr update [39m[2m/webapp/App.tsx[22m
[2m03:30:13[22m [36m[1m[vite][22m[39m [32mhmr update [39m[2m/webapp/App.tsx[22m
[2m03:30:13[22m [36m[1m[vite][22m[39m [32mhmr update [39m[2m/webapp/App.tsx[22m
[2m03:30:13[22m [36m[1m[vite][22m[39m [32mhmr update [39m[2m/webapp/App.tsx[22m
[2m03:30:13[22m [36m[1m[vite][22m[39m [32mhmr update [39m[2m/webapp/App.tsx[22m
[2m03:30:13[22m [36m[1m[vite][22m[39m [32mhmr update [39m[2m/webapp/App.tsx[22m
[2m03:30:13[22m [36m[1m[vite][22m[39m [32mhmr update [39m[2m/webapp/App.tsx[22m
[2m03:30:13[22m [36m[1m[vite][22m[39m [32mhmr update [39m[2m/webapp/App.tsx[22m
[2m03:30:13[22m [36m[1m[vite][22m[39m [32mhmr update [39m[2m/webapp/App.tsx[22m
[2m03:30:13[22m [36m[1m[vite][22m[39m [32mhmr update [39m[2m/webapp/App.tsx[22m
[2m03:30:13[22m [36m[1m[vite][22m[39m [32mhmr update [39m[2m/webapp/App.tsx[22m
[2m03:30:13[22m [36m[1m[vite][22m[39m [32mhmr update [39m[2m/webapp/App.tsx[22m
[2m03:30:13[22m [36m[1m[vite][22m[39m [32mhmr update [39m[2m/webapp/App.tsx[22m
[2m03:30:13[22m [36m[1m[vite][22m[39m [32mhmr update [39m[2m/webapp/App.tsx[22m
[2m03:30:13[22m [36m[1m[vite][22m[39m [32mhmr update [39m[2m/webapp/App.tsx[22m
[2m03:30:13[22m [36m[1m[vite][22m[39m [32mhmr update [39m[2m/webapp/App.tsx[22m
[2m03:30:13[22m [36m[1m[vite][22m[39m [32mhmr update [39m[2m/webapp/App.tsx[22m
[2m03:30:13[22m [36m[1m[vite][22m[39m [32mhmr update [39m[2m/webapp/App.tsx[22m
[2m03:30:13[22m [36m[1m[vite][22m[39m [32mhmr update [39m[2m/webapp/App.tsx[22m
[2m03:30:13[22m [36m[1m[vite][22m[39m [32mhmr update [39m[2m/webapp/App.tsx[22m
[2m03:30:13[22m [36m[1m[vite][22m[39m [32mhmr update [39m[2m/webapp/App.tsx[22m
[2m03:30:13[22m [36m[1m[vite][22m[39m [32mhmr update [39m[2m/webapp/App.tsx[22m
[2m03:30:13[22m [36m[1m[vite][22m[39m [32mhmr update [39m[2m/webapp/App.tsx[22m
[2m03:30:14[22m [36m[1m[vite][22m[39m [32mhmr update [39m[2m/webapp/App.tsx[22m
[2m03:30:14[22m [36m[1m[vite][22m[39m [32mhmr update [39m[2m/webapp/App.tsx[22m
[2m03:30:14[22m [36m[1m[vite][22m[39m [32mhmr update [39m[2m/webapp/App.tsx[22m
[2m03:30:14[22m [36m[1m[vite][22m[39m [32mhmr update [39m[2m/webapp/App.tsx[22m
[2m03:30:14[22m [36m[1m[vite][22m[39m [32mhmr update [39m[2m/webapp/App.tsx[22m
[2m03:30:14[22m [36m[1m[vite][22m[39m [32mhmr update [39m[2m/webapp/App.tsx[22m
[2m03:30:14[22m [36m[1m[vite][22m[39m [32mhmr update [39m[2m/webapp/App.tsx[22m
[2m03:32:18[22m [36m[1m[vite][22m[39m [32mhmr update [39m[2m/webapp/App.tsx[22m
[2m03:32:18[22m [36m[1m[vite][22m[39m [32mhmr update [39m[2m/webapp/App.tsx[22m
[2m03:32:18[22m [36m[1m[vite][22m[39m [32mhmr update [39m[2m/webapp/App.tsx[22m
[2m03:32:18[22m [36m[1m[vite][22m[39m [32mhmr update [39m[2m/webapp/App.tsx[22m
[2m03:32:18[22m [36m[1m[vite][22m[39m [32mhmr update [39m[2m/webapp/App.tsx[22m
[2m03:32:18[22m [36m[1m[vite][22m[39m [32mhmr update [39m[2m/webapp/App.tsx[22m
[2m03:32:18[22m [36m[1m[vite][22m[39m [32mhmr update [39m[2m/webapp/App.tsx[22m
[2m03:32:18[22m [36m[1m[vite][22m[39m [32mhmr update [39m[2m/webapp/App.tsx[22m
[2m03:32:19[22m [36m[1m[vite][22m[39m [32mhmr update [39m[2m/webapp/App.tsx[22m
[2m03:32:19[22m [36m[1m[vite][22m[39m [32mhmr update [39m[2m/webapp/App.tsx[22m
[2m03:32:19[22m [36m[1m[vite][22m[39m [32mhmr update [39m[2m/webapp/App.tsx[22m
[2m03:32:19[22m [36m[1m[vite][22m[39m [32mhmr update [39m[2m/webapp/App.tsx[22m
[2m03:32:19[22m [36m[1m[vite][22m[39m [32mhmr update [39m[2m/webapp/App.tsx[22m
[2m03:32:19[22m [36m[1m[vite][22m[39m [32mhmr update [39m[2m/webapp/App.tsx[22m
[2m03:32:19[22m [36m[1m[vite][22m[39m [32mhmr update [39m[2m/webapp/App.tsx[22m
[2m03:32:19[22m [36m[1m[vite][22m[39m [32mhmr update [39m[2m/webapp/App.tsx[22m
[2m03:32:19[22m [36m[1m[vite][22m[39m [32mhmr update [39m[2m/webapp/App.tsx[22m
[2m03:32:19[22m [36m[1m[vite][22m[39m [32mhmr update [39m[2m/webapp/App.tsx[22m
[2m03:32:19[22m [36m[1m[vite][22m[39m [32mhmr update [39m[2m/webapp/App.tsx[22m
[2m03:32:19[22m [36m[1m[vite][22m[39m [32mhmr update [39m[2m/webapp/App.tsx[22m
[2m03:32:20[22m [36m[1m[vite][22m[39m [32mhmr update [39m[2m/webapp/App.tsx[22m
[2m03:32:20[22m [36m[1m[vite][22m[39m [32mhmr update [39m[2m/webapp/App.tsx[22m
[2m03:32:20[22m [36m[1m[vite][22m[39m [32mhmr update [39m[2m/webapp/App.tsx[22m
[2m03:32:20[22m [36m[1m[vite][22m[39m [32mhmr update [39m[2m/webapp/App.tsx[22m
[2m03:32:20[22m [36m[1m[vite][22m[39m [32mhmr update [39m[2m/webapp/App.tsx[22m
[2m03:32:20[22m [36m[1m[vite][22m[39m [32mhmr update [39m[2m/webapp/App.tsx[22m
[2m03:32:20[22m [36m[1m[vite][22m[39m [32mhmr update [39m[2m/webapp/App.tsx[22m
[2m03:32:20[22m [36m[1m[vite][22m[39m [32mhmr update [39m[2m/webapp/App.tsx[22m
[2m03:32:20[22m [36m[1m[vite][22m[39m [32mhmr update [39m[2m/webapp/App.tsx[22m
[2m03:32:20[22m [36m[1m[vite][22m[39m [32mhmr update [39m[2m/webapp/App.tsx[22m
[2m03:32:21[22m [36m[1m[vite][22m[39m [32mhmr update [39m[2m/webapp/App.tsx[22m
[2m03:32:21[22m [36m[1m[vite][22m[39m [32mhmr update [39m[2m/webapp/App.tsx[22m
[2m03:32:21[22m [36m[1m[vite][22m[39m [32mhmr update [39m[2m/webapp/App.tsx[22m
[2m03:36:12[22m [36m[1m[vite][22m[39m [32mhmr update [39m[2m/webapp/App.tsx[22m
[2m03:36:12[22m [36m[1m[vite][22m[39m [32mhmr update [39m[2m/webapp/App.tsx[22m
[2m03:36:12[22m [36m[1m[vite][22m[39m [32mhmr update [39m[2m/webapp/App.tsx[22m
[2m03:36:12[22m [36m[1m[vite][22m[39m [32mhmr update [39m[2m/webapp/App.tsx[22m
[2m03:36:12[22m [36m[1m[vite][22m[39m [32mhmr update [39m[2m/webapp/App.tsx[22m
[2m03:36:12[22m [36m[1m[vite][22m[39m [32mhmr update [39m[2m/webapp/App.tsx[22m
[2m03:36:12[22m [36m[1m[vite][22m[39m [32mhmr update [39m[2m/webapp/App.tsx[22m
[2m03:36:12[22m [36m[1m[vite][22m[39m [32mhmr update [39m[2m/webapp/App.tsx[22m
[2m03:36:13[22m [36m[1m[vite][22m[39m [32mhmr update [39m[2m/webapp/App.tsx[22m
[2m03:36:13[22m [36m[1m[vite][22m[39m [32mhmr update [39m[2m/webapp/App.tsx[22m
[2m03:36:13[22m [36m[1m[vite][22m[39m [32mhmr update [39m[2m/webapp/App.tsx[22m
[2m03:36:13[22m [36m[1m[vite][22m[39m [32mhmr update [39m[2m/webapp/App.tsx[22m
[2m03:36:13[22m [36m[1m[vite][22m[39m [32mhmr update [39m[2m/webapp/App.tsx[22m
[2m03:36:13[22m [36m[1m[vite][22m[39m [32mhmr update [39m[2m/webapp/App.tsx[22m
[2m03:36:13[22m [36m[1m[vite][22m[39m [32mhmr update [39m[2m/webapp/App.tsx[22m
[2m03:36:13[22m [36m[1m[vite][22m[39m [32mhmr update [39m[2m/webapp/App.tsx[22m
[2m03:36:13[22m [36m[1m[vite][22m[39m [32mhmr update [39m[2m/webapp/App.tsx[22m
[2m03:36:13[22m [36m[1m[vite][22m[39m [32mhmr update [39m[2m/webapp/App.tsx[22m
[2m03:36:13[22m [36m[1m[vite][22m[39m [32mhmr update [39m[2m/webapp/App.tsx[22m
[2m03:36:13[22m [36m[1m[vite][22m[39m [32mhmr update [39m[2m/webapp/App.tsx[22m
[2m03:36:15[22m [36m[1m[vite][22m[39m [32mhmr update [39m[2m/webapp/App.tsx[22m
[2m03:36:15[22m [36m[1m[vite][22m[39m [32mhmr update [39m[2m/webapp/App.tsx[22m
[2m03:36:15[22m [36m[1m[vite][22m[39m [32mhmr update [39m[2m/webapp/App.tsx[22m
[2m03:36:15[22m [36m[1m[vite][22m[39m [32mhmr update [39m[2m/webapp/App.tsx[22m
[2m03:36:15[22m [36m[1m[vite][22m[39m [32mhmr update [39m[2m/webapp/App.tsx[22m
[2m03:36:15[22m [36m[1m[vite][22m[39m [32mhmr update [39m[2m/webapp/App.tsx[22m
[2m03:36:15[22m [36m[1m[vite][22m[39m [32mhmr update [39m[2m/webapp/App.tsx[22m
[2m03:36:15[22m [36m[1m[vite][22m[39m [32mhmr update [39m[2m/webapp/App.tsx[22m
[2m03:36:15[22m [36m[1m[vite][22m[39m [32mhmr update [39m[2m/webapp/App.tsx[22m
[2m03:36:15[22m [36m[1m[vite][22m[39m [32mhmr update [39m[2m/webapp/App.tsx[22m
[2m03:36:15[22m [36m[1m[vite][22m[39m [32mhmr update [39m[2m/webapp/App.tsx[22m
[2m03:36:15[22m [36m[1m[vite][22m[39m [32mhmr update [39m[2m/webapp/App.tsx[22m
[2m03:36:15[22m [36m[1m[vite][22m[39m [32mhmr update [39m[2m/webapp/App.tsx[22m
[2m03:37:04[22m [36m[1m[vite][22m[39m [32mhmr update [39m[2m/webapp/App.tsx[22m
[2m03:37:04[22m [36m[1m[vite][22m[39m [32mhmr update [39m[2m/webapp/App.tsx[22m
[2m03:37:04[22m [36m[1m[vite][22m[39m [32mhmr update [39m[2m/webapp/App.tsx[22m
[2m03:37:04[22m [36m[1m[vite][22m[39m [32mhmr update [39m[2m/webapp/App.tsx[22m
[2m03:37:04[22m [36m[1m[vite][22m[39m [32mhmr update [39m[2m/webapp/App.tsx[22m
[2m03:37:04[22m [36m[1m[vite][22m[39m [32mhmr update [39m[2m/webapp/App.tsx[22m
[2m03:37:04[22m [36m[1m[vite][22m[39m [32mhmr update [39m[2m/webapp/App.tsx[22m
[2m03:37:04[22m [36m[1m[vite][22m[39m [32mhmr update [39m[2m/webapp/App.tsx[22m
[2m03:37:05[22m [36m[1m[vite][22m[39m [32mhmr update [39m[2m/webapp/App.tsx[22m
[2m03:37:05[22m [36m[1m[vite][22m[39m [32mhmr update [39m[2m/webapp/App.tsx[22m
[2m03:37:05[22m [36m[1m[vite][22m[39m [32mhmr update [39m[2m/webapp/App.tsx[22m
[2m03:37:05[22m [36m[1m[vite][22m[39m [32mhmr update [39m[2m/webapp/App.tsx[22m
[2m03:37:05[22m [36m[1m[vite][22m[39m [32mhmr update [39m[2m/webapp/App.tsx[22m
[2m03:37:05[22m [36m[1m[vite][22m[39m [32mhmr update [39m[2m/webapp/App.tsx[22m
[2m03:37:05[22m [36m[1m[vite][22m[39m [32mhmr update [39m[2m/webapp/App.tsx[22m
[2m03:37:05[22m [36m[1m[vite][22m[39m [32mhmr update [39m[2m/webapp/App.tsx[22m
[2m03:37:05[22m [36m[1m[vite][22m[39m [32mhmr update [39m[2m/webapp/App.tsx[22m
[2m03:37:05[22m [36m[1m[vite][22m[39m [32mhmr update [39m[2m/webapp/App.tsx[22m
[2m03:37:05[22m [36m[1m[vite][22m[39m [32mhmr update [39m[2m/webapp/App.tsx[22m
[2m03:37:05[22m [36m[1m[vite][22m[39m [32mhmr update [39m[2m/webapp/App.tsx[22m
[2m03:37:07[22m [36m[1m[vite][22m[39m [32mhmr update [39m[2m/webapp/App.tsx[22m
[2m03:37:07[22m [36m[1m[vite][22m[39m [32mhmr update [39m[2m/webapp/App.tsx[22m
[2m03:37:07[22m [36m[1m[vite][22m[39m [32mhmr update [39m[2m/webapp/App.tsx[22m
[2m03:37:07[22m [36m[1m[vite][22m[39m [32mhmr update [39m[2m/webapp/App.tsx[22m
[2m03:37:07[22m [36m[1m[vite][22m[39m [32mhmr update [39m[2m/webapp/App.tsx[22m
[2m03:37:07[22m [36m[1m[vite][22m[39m [32mhmr update [39m[2m/webapp/App.tsx[22m
[2m03:37:07[22m [36m[1m[vite][22m[39m [32mhmr update [39m[2m/webapp/App.tsx[22m
[2m03:37:07[22m [36m[1m[vite][22m[39m [32mhmr update [39m[2m/webapp/App.tsx[22m
[2m03:37:07[22m [36m[1m[vite][22m[39m [32mhmr update [39m[2m/webapp/App.tsx[22m
[2m03:37:07[22m [36m[1m[vite][22m[39m [32mhmr update [39m[2m/webapp/App.tsx[22m
[2m03:37:07[22m [36m[1m[vite][22m[39m [32mhmr update [39m[2m/webapp/App.tsx[22m
[2m03:37:07[22m [36m[1m[vite][22m[39m [32mhmr update [39m[2m/webapp/App.tsx[22m
[2m03:37:07[22m [36m[1m[vite][22m[39m [32mhmr update [39m[2m/webapp/App.tsx[22m
[2m03:39:11[22m [36m[1m[vite][22m[39m [32mhmr update [39m[2m/webapp/App.tsx[22m
[2m03:39:11[22m [36m[1m[vite][22m[39m [32mhmr update [39m[2m/webapp/App.tsx[22m
[2m03:39:11[22m [36m[1m[vite][22m[39m [32mhmr update [39m[2m/webapp/App.tsx[22m
[2m03:39:11[22m [36m[1m[vite][22m[39m [32mhmr update [39m[2m/webapp/App.tsx[22m
[2m03:39:11[22m [36m[1m[vite][22m[39m [32mhmr update [39m[2m/webapp/App.tsx[22m
[2m03:39:11[22m [36m[1m[vite][22m[39m [32mhmr update [39m[2m/webapp/App.tsx[22m
[2m03:39:11[22m [36m[1m[vite][22m[39m [32mhmr update [39m[2m/webapp/App.tsx[22m
[2m03:39:11[22m [36m[1m[vite][22m[39m [32mhmr update [39m[2m/webapp/App.tsx[22m
[2m03:39:11[22m [36m[1m[vite][22m[39m [32mhmr update [39m[2m/webapp/App.tsx[22m
[2m03:39:11[22m [36m[1m[vite][22m[39m [32mhmr update [39m[2m/webapp/App.tsx[22m
[2m03:39:11[22m [36m[1m[vite][22m[39m [32mhmr update [39m[2m/webapp/App.tsx[22m
[2m03:39:11[22m [36m[1m[vite][22m[39m [32mhmr update [39m[2m/webapp/App.tsx[22m
[2m03:39:12[22m [36m[1m[vite][22m[39m [32mhmr update [39m[2m/webapp/App.tsx[22m
[2m03:39:12[22m [36m[1m[vite][22m[39m [32mhmr update [39m[2m/webapp/App.tsx[22m
[2m03:39:12[22m [36m[1m[vite][22m[39m [32mhmr update [39m[2m/webapp/App.tsx[22m
[2m03:39:12[22m [36m[1m[vite][22m[39m [32mhmr update [39m[2m/webapp/App.tsx[22m
[2m03:39:12[22m [36m[1m[vite][22m[39m [32mhmr update [39m[2m/webapp/App.tsx[22m
[2m03:39:12[22m [36m[1m[vite][22m[39m [32mhmr update [39m[2m/webapp/App.tsx[22m
[2m03:39:12[22m [36m[1m[vite][22m[39m [32mhmr update [39m[2m/webapp/App.tsx[22m
[2m03:39:12[22m [36m[1m[vite][22m[39m [32mhmr update [39m[2m/webapp/App.tsx[22m
[2m03:39:12[22m [36m[1m[vite][22m[39m [32mhmr update [39m[2m/webapp/App.tsx[22m
[2m03:39:12[22m [36m[1m[vite][22m[39m [32mhmr update [39m[2m/webapp/App.tsx[22m
[2m03:39:12[22m [36m[1m[vite][22m[39m [32mhmr update [39m[2m/webapp/App.tsx[22m
[2m03:39:12[22m [36m[1m[vite][22m[39m [32mhmr update [39m[2m/webapp/App.tsx[22m
[2m03:39:12[22m [36m[1m[vite][22m[39m [32mhmr update [39m[2m/webapp/App.tsx[22m
[2m03:39:12[22m [36m[1m[vite][22m[39m [32mhmr update [39m[2m/webapp/App.tsx[22m
[2m03:39:12[22m [36m[1m[vite][22m[39m [32mhmr update [39m[2m/webapp/App.tsx[22m
[2m03:39:12[22m [36m[1m[vite][22m[39m [32mhmr update [39m[2m/webapp/App.tsx[22m
[2m03:39:12[22m [36m[1m[vite][22m[39m [32mhmr update [39m[2m/webapp/App.tsx[22m
[2m03:39:12[22m [36m[1m[vite][22m[39m [32mhmr update [39m[2m/webapp/App.tsx[22m
[2m03:39:12[22m [36m[1m[vite][22m[39m [32mhmr update [39m[2m/webapp/App.tsx[22m
[2m03:39:12[22m [36m[1m[vite][22m[39m [32mhmr update [39m[2m/webapp/App.tsx[22m
[2m03:39:12[22m [36m[1m[vite][22m[39m [32mhmr update [39m[2m/webapp/App.tsx[22m
